sh: 0: Can't open npm

> arikudo@0.1.0 start /home/albercsalcedo/doc/googleDeploy/client
> react-scripts start

[34mℹ[39m [90m｢wds｣[39m: Project is running at http://10.182.0.5/
[34mℹ[39m [90m｢wds｣[39m: webpack output is served from 
[34mℹ[39m [90m｢wds｣[39m: Content not from webpack is served from /home/albercsalcedo/doc/googleDeploy/client/public
[34mℹ[39m [90m｢wds｣[39m: 404s will fallback to /
Starting the development server...

Browserslist: caniuse-lite is outdated. Please run:
npx browserslist@latest --update-db

Why you should do it regularly:
https://github.com/browserslist/browserslist#browsers-data-updating
Compiled with warnings.

src/App.js
  Line 9:50:  'Link' is defined but never used  no-unused-vars

src/pages/login/Login.jsx
  Line 3:10:  'Link' is defined but never used  no-unused-vars

Search for the keywords to learn more about each warning.
To ignore, add // eslint-disable-next-line to the line before.


> arikudo@0.1.0 start /home/albercsalcedo/doc/googleDeploy/client
> react-scripts start

Something is already running on port 3000.
